<?xml version="1.0" encoding="UTF-8"?>
<testsuite name="UTest" tests="1" skipped="0" failures="0" errors="0" timestamp="2022-11-05T04:50:09" hostname="LAPTOP-8J72CD2G" time="39.983">
  <properties/>
  <testcase name="Search the page to register" classname="UTest" time="39.983"/>
  <system-out><![CDATA[]]></system-out>
  <system-err><![CDATA[[Test worker] WARN net.thucydides.core.steps.BaseStepListener - stepStarted: net.thucydides.core.steps.ExecutedStepDescription@34645867
[Test worker] WARN net.thucydides.core.steps.BaseStepListener - stepStarted: net.thucydides.core.steps.ExecutedStepDescription@7c4fc2bf
[Test worker] WARN net.thucydides.core.steps.BaseStepListener - stepStarted: net.thucydides.core.steps.ExecutedStepDescription@38704ff0
nov 04, 2022 11:50:10 PM org.openqa.selenium.remote.DesiredCapabilities chrome
INFORMACIÓN: Using `new ChromeOptions()` is preferred to `DesiredCapabilities.chrome()`
[Test worker] INFO net.serenitybdd.core.webdriver.driverproviders.ProvideNewDriver - Instantiating driver
[Test worker] INFO net.serenitybdd.core.webdriver.driverproviders.ProvideNewDriver - Driver capabilities: Capabilities {acceptInsecureCerts: false, browserName: chrome, chrome.switches: --start-maximized, goog:chromeOptions: {args: [--start-maximized], extensions: []}, loggingPrefs: org.openqa.selenium.logging..., platform: ANY, version: }
Starting ChromeDriver 107.0.5304.62 (1eec40d3a5764881c92085aaee66d25075c159aa-refs/branch-heads/5304@{#942}) on port 22927
Only local connections are allowed.
Please see https://chromedriver.chromium.org/security-considerations for suggestions on keeping ChromeDriver safe.
ChromeDriver was started successfully.
nov 04, 2022 11:50:14 PM org.openqa.selenium.remote.ProtocolHandshake createSession
INFORMACIÓN: Detected dialect: W3C
[Test worker] WARN net.thucydides.core.steps.BaseStepListener - stepFinished: current outcome:Search the page to register:Given than Danilo wants develop a test [Danilo open up [Danilo opens the Page utest]]
[Test worker] WARN net.thucydides.core.steps.BaseStepListener - stepFinished: current outcome:Search the page to register:Given than Danilo wants develop a test [Danilo open up [Danilo opens the Page utest]]
[Test worker] WARN net.thucydides.core.steps.BaseStepListener - stepStarted: net.thucydides.core.steps.ExecutedStepDescription@516592b1
[Test worker] WARN net.thucydides.core.steps.BaseStepListener - stepStarted: net.thucydides.core.steps.ExecutedStepDescription@5b5b59
[Test worker] WARN net.thucydides.core.steps.BaseStepListener - stepFinished: current outcome:Search the page to register:Given than Danilo wants develop a test [Danilo open up [Danilo opens the Page utest], Danilo register [Danilo clicks on This button redirects to the registration page]]
[Test worker] WARN net.thucydides.core.steps.BaseStepListener - stepFinished: current outcome:Search the page to register:Given than Danilo wants develop a test [Danilo open up [Danilo opens the Page utest], Danilo register [Danilo clicks on This button redirects to the registration page]]
[Test worker] WARN net.thucydides.core.steps.BaseStepListener - stepFinished: current outcome:Search the page to register:Given than Danilo wants develop a test [Danilo open up [Danilo opens the Page utest], Danilo register [Danilo clicks on This button redirects to the registration page]]
[Test worker] WARN net.thucydides.core.steps.BaseStepListener - stepStarted: net.thucydides.core.steps.ExecutedStepDescription@9ab310b
[Test worker] WARN net.thucydides.core.steps.BaseStepListener - stepStarted: net.thucydides.core.steps.ExecutedStepDescription@bf75b5c
[Test worker] WARN net.thucydides.core.steps.BaseStepListener - stepStarted: net.thucydides.core.steps.ExecutedStepDescription@a7cf42f
[Test worker] WARN net.thucydides.core.steps.BaseStepListener - stepFinished: current outcome:Search the page to register:Given than Danilo wants develop a test [Danilo open up [Danilo opens the Page utest], Danilo register [Danilo clicks on This button redirects to the registration page]], When He find the page to register in different steps [Danilo enter data [Danilo enters 'Danilo' into Write the first name]]
[Test worker] WARN net.thucydides.core.steps.BaseStepListener - stepStarted: net.thucydides.core.steps.ExecutedStepDescription@14168e1
[Test worker] WARN net.thucydides.core.steps.BaseStepListener - stepFinished: current outcome:Search the page to register:Given than Danilo wants develop a test [Danilo open up [Danilo opens the Page utest], Danilo register [Danilo clicks on This button redirects to the registration page]], When He find the page to register in different steps [Danilo enter data [Danilo enters 'Danilo' into Write the first name, Danilo enters 'Quiroga' into Write the last name]]
[Test worker] WARN net.thucydides.core.steps.BaseStepListener - stepStarted: net.thucydides.core.steps.ExecutedStepDescription@773014d3
[Test worker] WARN net.thucydides.core.steps.BaseStepListener - stepFinished: current outcome:Search the page to register:Given than Danilo wants develop a test [Danilo open up [Danilo opens the Page utest], Danilo register [Danilo clicks on This button redirects to the registration page]], When He find the page to register in different steps [Danilo enter data [Danilo enters 'Danilo' into Write the first name, Danilo enters 'Quiroga' into Write the last name, Danilo enters 'DANILO1@HOTMAIL.COM' into write the mail]]
[Test worker] WARN net.thucydides.core.steps.BaseStepListener - stepStarted: net.thucydides.core.steps.ExecutedStepDescription@61ff6a49
[Test worker] WARN net.thucydides.core.steps.BaseStepListener - stepFinished: current outcome:Search the page to register:Given than Danilo wants develop a test [Danilo open up [Danilo opens the Page utest], Danilo register [Danilo clicks on This button redirects to the registration page]], When He find the page to register in different steps [Danilo enter data [Danilo enters 'Danilo' into Write the first name, Danilo enters 'Quiroga' into Write the last name, Danilo enters 'DANILO1@HOTMAIL.COM' into write the mail, Danilo clicks on Choose month of birth]]
[Test worker] WARN net.thucydides.core.steps.BaseStepListener - stepStarted: net.thucydides.core.steps.ExecutedStepDescription@2921199d
[Test worker] WARN net.thucydides.core.steps.BaseStepListener - stepFinished: current outcome:Search the page to register:Given than Danilo wants develop a test [Danilo open up [Danilo opens the Page utest], Danilo register [Danilo clicks on This button redirects to the registration page]], When He find the page to register in different steps [Danilo enter data [Danilo enters 'Danilo' into Write the first name, Danilo enters 'Quiroga' into Write the last name, Danilo enters 'DANILO1@HOTMAIL.COM' into write the mail, Danilo clicks on Choose month of birth, Danilo clicks on Choose day of birth]]
[Test worker] WARN net.thucydides.core.steps.BaseStepListener - stepStarted: net.thucydides.core.steps.ExecutedStepDescription@4342c13
[Test worker] WARN net.thucydides.core.steps.BaseStepListener - stepFinished: current outcome:Search the page to register:Given than Danilo wants develop a test [Danilo open up [Danilo opens the Page utest], Danilo register [Danilo clicks on This button redirects to the registration page]], When He find the page to register in different steps [Danilo enter data [Danilo enters 'Danilo' into Write the first name, Danilo enters 'Quiroga' into Write the last name, Danilo enters 'DANILO1@HOTMAIL.COM' into write the mail, Danilo clicks on Choose month of birth, Danilo clicks on Choose day of birth, Danilo clicks on Choose year of birth]]
[Test worker] WARN net.thucydides.core.steps.BaseStepListener - stepStarted: net.thucydides.core.steps.ExecutedStepDescription@1c34365c
[Test worker] WARN net.thucydides.core.steps.BaseStepListener - stepFinished: current outcome:Search the page to register:Given than Danilo wants develop a test [Danilo open up [Danilo opens the Page utest], Danilo register [Danilo clicks on This button redirects to the registration page]], When He find the page to register in different steps [Danilo enter data [Danilo enters 'Danilo' into Write the first name, Danilo enters 'Quiroga' into Write the last name, Danilo enters 'DANILO1@HOTMAIL.COM' into write the mail, Danilo clicks on Choose month of birth, Danilo clicks on Choose day of birth, Danilo clicks on Choose year of birth, Danilo clicks on Next data page]]
[Test worker] WARN net.thucydides.core.steps.BaseStepListener - stepFinished: current outcome:Search the page to register:Given than Danilo wants develop a test [Danilo open up [Danilo opens the Page utest], Danilo register [Danilo clicks on This button redirects to the registration page]], When He find the page to register in different steps [Danilo enter data [Danilo enters 'Danilo' into Write the first name, Danilo enters 'Quiroga' into Write the last name, Danilo enters 'DANILO1@HOTMAIL.COM' into write the mail, Danilo clicks on Choose month of birth, Danilo clicks on Choose day of birth, Danilo clicks on Choose year of birth, Danilo clicks on Next data page]]
[Test worker] WARN net.thucydides.core.steps.BaseStepListener - stepStarted: net.thucydides.core.steps.ExecutedStepDescription@11d2dd2d
[Test worker] WARN net.thucydides.core.steps.BaseStepListener - stepStarted: net.thucydides.core.steps.ExecutedStepDescription@53747c4a
[Test worker] WARN net.thucydides.core.steps.BaseStepListener - stepFinished: current outcome:Search the page to register:Given than Danilo wants develop a test [Danilo open up [Danilo opens the Page utest], Danilo register [Danilo clicks on This button redirects to the registration page]], When He find the page to register in different steps [Danilo enter data [Danilo enters 'Danilo' into Write the first name, Danilo enters 'Quiroga' into Write the last name, Danilo enters 'DANILO1@HOTMAIL.COM' into write the mail, Danilo clicks on Choose month of birth, Danilo clicks on Choose day of birth, Danilo clicks on Choose year of birth, Danilo clicks on Next data page], Danilo enter data2 [Danilo enters '110141' into Write zip code]]
[Test worker] WARN net.thucydides.core.steps.BaseStepListener - stepStarted: net.thucydides.core.steps.ExecutedStepDescription@59c500f7
[Test worker] WARN net.thucydides.core.steps.BaseStepListener - stepFinished: current outcome:Search the page to register:Given than Danilo wants develop a test [Danilo open up [Danilo opens the Page utest], Danilo register [Danilo clicks on This button redirects to the registration page]], When He find the page to register in different steps [Danilo enter data [Danilo enters 'Danilo' into Write the first name, Danilo enters 'Quiroga' into Write the last name, Danilo enters 'DANILO1@HOTMAIL.COM' into write the mail, Danilo clicks on Choose month of birth, Danilo clicks on Choose day of birth, Danilo clicks on Choose year of birth, Danilo clicks on Next data page], Danilo enter data2 [Danilo enters '110141' into Write zip code, Danilo clicks on Next data page]]
[Test worker] WARN net.thucydides.core.steps.BaseStepListener - stepFinished: current outcome:Search the page to register:Given than Danilo wants develop a test [Danilo open up [Danilo opens the Page utest], Danilo register [Danilo clicks on This button redirects to the registration page]], When He find the page to register in different steps [Danilo enter data [Danilo enters 'Danilo' into Write the first name, Danilo enters 'Quiroga' into Write the last name, Danilo enters 'DANILO1@HOTMAIL.COM' into write the mail, Danilo clicks on Choose month of birth, Danilo clicks on Choose day of birth, Danilo clicks on Choose year of birth, Danilo clicks on Next data page], Danilo enter data2 [Danilo enters '110141' into Write zip code, Danilo clicks on Next data page]]
[Test worker] WARN net.thucydides.core.steps.BaseStepListener - stepStarted: net.thucydides.core.steps.ExecutedStepDescription@5ba90d8a
[Test worker] WARN net.thucydides.core.steps.BaseStepListener - stepStarted: net.thucydides.core.steps.ExecutedStepDescription@1a950fdd
[Test worker] WARN net.thucydides.core.steps.BaseStepListener - stepFinished: current outcome:Search the page to register:Given than Danilo wants develop a test [Danilo open up [Danilo opens the Page utest], Danilo register [Danilo clicks on This button redirects to the registration page]], When He find the page to register in different steps [Danilo enter data [Danilo enters 'Danilo' into Write the first name, Danilo enters 'Quiroga' into Write the last name, Danilo enters 'DANILO1@HOTMAIL.COM' into write the mail, Danilo clicks on Choose month of birth, Danilo clicks on Choose day of birth, Danilo clicks on Choose year of birth, Danilo clicks on Next data page], Danilo enter data2 [Danilo enters '110141' into Write zip code, Danilo clicks on Next data page], Danilo enter data3 [Danilo clicks on Open a list with mobile brands]]
[Test worker] WARN net.thucydides.core.steps.BaseStepListener - stepStarted: net.thucydides.core.steps.ExecutedStepDescription@8054fe2
[Test worker] WARN net.thucydides.core.steps.BaseStepListener - stepFinished: current outcome:Search the page to register:Given than Danilo wants develop a test [Danilo open up [Danilo opens the Page utest], Danilo register [Danilo clicks on This button redirects to the registration page]], When He find the page to register in different steps [Danilo enter data [Danilo enters 'Danilo' into Write the first name, Danilo enters 'Quiroga' into Write the last name, Danilo enters 'DANILO1@HOTMAIL.COM' into write the mail, Danilo clicks on Choose month of birth, Danilo clicks on Choose day of birth, Danilo clicks on Choose year of birth, Danilo clicks on Next data page], Danilo enter data2 [Danilo enters '110141' into Write zip code, Danilo clicks on Next data page], Danilo enter data3 [Danilo clicks on Open a list with mobile brands, Danilo clicks on Select the mobile device]]
[Test worker] WARN net.thucydides.core.steps.BaseStepListener - stepStarted: net.thucydides.core.steps.ExecutedStepDescription@ea00de
[Test worker] WARN net.thucydides.core.steps.BaseStepListener - stepFinished: current outcome:Search the page to register:Given than Danilo wants develop a test [Danilo open up [Danilo opens the Page utest], Danilo register [Danilo clicks on This button redirects to the registration page]], When He find the page to register in different steps [Danilo enter data [Danilo enters 'Danilo' into Write the first name, Danilo enters 'Quiroga' into Write the last name, Danilo enters 'DANILO1@HOTMAIL.COM' into write the mail, Danilo clicks on Choose month of birth, Danilo clicks on Choose day of birth, Danilo clicks on Choose year of birth, Danilo clicks on Next data page], Danilo enter data2 [Danilo enters '110141' into Write zip code, Danilo clicks on Next data page], Danilo enter data3 [Danilo clicks on Open a list with mobile brands, Danilo clicks on Select the mobile device, Danilo clicks on Open a list of mobile models]]
[Test worker] WARN net.thucydides.core.steps.BaseStepListener - stepStarted: net.thucydides.core.steps.ExecutedStepDescription@39da5e49
[Test worker] WARN net.thucydides.core.steps.BaseStepListener - stepFinished: current outcome:Search the page to register:Given than Danilo wants develop a test [Danilo open up [Danilo opens the Page utest], Danilo register [Danilo clicks on This button redirects to the registration page]], When He find the page to register in different steps [Danilo enter data [Danilo enters 'Danilo' into Write the first name, Danilo enters 'Quiroga' into Write the last name, Danilo enters 'DANILO1@HOTMAIL.COM' into write the mail, Danilo clicks on Choose month of birth, Danilo clicks on Choose day of birth, Danilo clicks on Choose year of birth, Danilo clicks on Next data page], Danilo enter data2 [Danilo enters '110141' into Write zip code, Danilo clicks on Next data page], Danilo enter data3 [Danilo clicks on Open a list with mobile brands, Danilo clicks on Select the mobile device, Danilo clicks on Open a list of mobile models, Danilo clicks on Select the model of device]]
[Test worker] WARN net.thucydides.core.steps.BaseStepListener - stepStarted: net.thucydides.core.steps.ExecutedStepDescription@6d6bff89
[Test worker] WARN net.thucydides.core.steps.BaseStepListener - stepFinished: current outcome:Search the page to register:Given than Danilo wants develop a test [Danilo open up [Danilo opens the Page utest], Danilo register [Danilo clicks on This button redirects to the registration page]], When He find the page to register in different steps [Danilo enter data [Danilo enters 'Danilo' into Write the first name, Danilo enters 'Quiroga' into Write the last name, Danilo enters 'DANILO1@HOTMAIL.COM' into write the mail, Danilo clicks on Choose month of birth, Danilo clicks on Choose day of birth, Danilo clicks on Choose year of birth, Danilo clicks on Next data page], Danilo enter data2 [Danilo enters '110141' into Write zip code, Danilo clicks on Next data page], Danilo enter data3 [Danilo clicks on Open a list with mobile brands, Danilo clicks on Select the mobile device, Danilo clicks on Open a list of mobile models, Danilo clicks on Select the model of device, Danilo clicks on Open a list of operating systems]]
[Test worker] WARN net.thucydides.core.steps.BaseStepListener - stepStarted: net.thucydides.core.steps.ExecutedStepDescription@2a140ce5
[Test worker] WARN net.thucydides.core.steps.BaseStepListener - stepFinished: current outcome:Search the page to register:Given than Danilo wants develop a test [Danilo open up [Danilo opens the Page utest], Danilo register [Danilo clicks on This button redirects to the registration page]], When He find the page to register in different steps [Danilo enter data [Danilo enters 'Danilo' into Write the first name, Danilo enters 'Quiroga' into Write the last name, Danilo enters 'DANILO1@HOTMAIL.COM' into write the mail, Danilo clicks on Choose month of birth, Danilo clicks on Choose day of birth, Danilo clicks on Choose year of birth, Danilo clicks on Next data page], Danilo enter data2 [Danilo enters '110141' into Write zip code, Danilo clicks on Next data page], Danilo enter data3 [Danilo clicks on Open a list with mobile brands, Danilo clicks on Select the mobile device, Danilo clicks on Open a list of mobile models, Danilo clicks on Select the model of device, Danilo clicks on Open a list of operating systems, Danilo clicks on Select the operating system that use]]
[Test worker] WARN net.thucydides.core.steps.BaseStepListener - stepStarted: net.thucydides.core.steps.ExecutedStepDescription@34330f77
[Test worker] WARN net.thucydides.core.steps.BaseStepListener - stepFinished: current outcome:Search the page to register:Given than Danilo wants develop a test [Danilo open up [Danilo opens the Page utest], Danilo register [Danilo clicks on This button redirects to the registration page]], When He find the page to register in different steps [Danilo enter data [Danilo enters 'Danilo' into Write the first name, Danilo enters 'Quiroga' into Write the last name, Danilo enters 'DANILO1@HOTMAIL.COM' into write the mail, Danilo clicks on Choose month of birth, Danilo clicks on Choose day of birth, Danilo clicks on Choose year of birth, Danilo clicks on Next data page], Danilo enter data2 [Danilo enters '110141' into Write zip code, Danilo clicks on Next data page], Danilo enter data3 [Danilo clicks on Open a list with mobile brands, Danilo clicks on Select the mobile device, Danilo clicks on Open a list of mobile models, Danilo clicks on Select the model of device, Danilo clicks on Open a list of operating systems, Danilo clicks on Select the operating system that use, Danilo clicks on Next data page]]
[Test worker] WARN net.thucydides.core.steps.BaseStepListener - stepFinished: current outcome:Search the page to register:Given than Danilo wants develop a test [Danilo open up [Danilo opens the Page utest], Danilo register [Danilo clicks on This button redirects to the registration page]], When He find the page to register in different steps [Danilo enter data [Danilo enters 'Danilo' into Write the first name, Danilo enters 'Quiroga' into Write the last name, Danilo enters 'DANILO1@HOTMAIL.COM' into write the mail, Danilo clicks on Choose month of birth, Danilo clicks on Choose day of birth, Danilo clicks on Choose year of birth, Danilo clicks on Next data page], Danilo enter data2 [Danilo enters '110141' into Write zip code, Danilo clicks on Next data page], Danilo enter data3 [Danilo clicks on Open a list with mobile brands, Danilo clicks on Select the mobile device, Danilo clicks on Open a list of mobile models, Danilo clicks on Select the model of device, Danilo clicks on Open a list of operating systems, Danilo clicks on Select the operating system that use, Danilo clicks on Next data page]]
[Test worker] WARN net.thucydides.core.steps.BaseStepListener - stepFinished: current outcome:Search the page to register:Given than Danilo wants develop a test [Danilo open up [Danilo opens the Page utest], Danilo register [Danilo clicks on This button redirects to the registration page]], When He find the page to register in different steps [Danilo enter data [Danilo enters 'Danilo' into Write the first name, Danilo enters 'Quiroga' into Write the last name, Danilo enters 'DANILO1@HOTMAIL.COM' into write the mail, Danilo clicks on Choose month of birth, Danilo clicks on Choose day of birth, Danilo clicks on Choose year of birth, Danilo clicks on Next data page], Danilo enter data2 [Danilo enters '110141' into Write zip code, Danilo clicks on Next data page], Danilo enter data3 [Danilo clicks on Open a list with mobile brands, Danilo clicks on Select the mobile device, Danilo clicks on Open a list of mobile models, Danilo clicks on Select the model of device, Danilo clicks on Open a list of operating systems, Danilo clicks on Select the operating system that use, Danilo clicks on Next data page]]
[Test worker] WARN net.thucydides.core.steps.BaseStepListener - stepStarted: net.thucydides.core.steps.ExecutedStepDescription@7a1a3468
[Test worker] WARN net.thucydides.core.steps.BaseStepListener - stepStarted: net.thucydides.core.steps.ExecutedStepDescription@5a566922
[Test worker] WARN net.thucydides.core.steps.BaseStepListener - stepStarted: net.thucydides.core.steps.ExecutedStepDescription@59636c47
[Test worker] WARN net.thucydides.core.steps.BaseStepListener - stepFinished: current outcome:Search the page to register:Given than Danilo wants develop a test [Danilo open up [Danilo opens the Page utest], Danilo register [Danilo clicks on This button redirects to the registration page]], When He find the page to register in different steps [Danilo enter data [Danilo enters 'Danilo' into Write the first name, Danilo enters 'Quiroga' into Write the last name, Danilo enters 'DANILO1@HOTMAIL.COM' into write the mail, Danilo clicks on Choose month of birth, Danilo clicks on Choose day of birth, Danilo clicks on Choose year of birth, Danilo clicks on Next data page], Danilo enter data2 [Danilo enters '110141' into Write zip code, Danilo clicks on Next data page], Danilo enter data3 [Danilo clicks on Open a list with mobile brands, Danilo clicks on Select the mobile device, Danilo clicks on Open a list of mobile models, Danilo clicks on Select the model of device, Danilo clicks on Open a list of operating systems, Danilo clicks on Select the operating system that use, Danilo clicks on Next data page]], Then Will register and have practiced [Danilo enter data4 [Danilo enters 'Choucair2022*' into Type a password]]
[Test worker] WARN net.thucydides.core.steps.BaseStepListener - stepStarted: net.thucydides.core.steps.ExecutedStepDescription@55e1192
[Test worker] WARN net.thucydides.core.steps.BaseStepListener - stepFinished: current outcome:Search the page to register:Given than Danilo wants develop a test [Danilo open up [Danilo opens the Page utest], Danilo register [Danilo clicks on This button redirects to the registration page]], When He find the page to register in different steps [Danilo enter data [Danilo enters 'Danilo' into Write the first name, Danilo enters 'Quiroga' into Write the last name, Danilo enters 'DANILO1@HOTMAIL.COM' into write the mail, Danilo clicks on Choose month of birth, Danilo clicks on Choose day of birth, Danilo clicks on Choose year of birth, Danilo clicks on Next data page], Danilo enter data2 [Danilo enters '110141' into Write zip code, Danilo clicks on Next data page], Danilo enter data3 [Danilo clicks on Open a list with mobile brands, Danilo clicks on Select the mobile device, Danilo clicks on Open a list of mobile models, Danilo clicks on Select the model of device, Danilo clicks on Open a list of operating systems, Danilo clicks on Select the operating system that use, Danilo clicks on Next data page]], Then Will register and have practiced [Danilo enter data4 [Danilo enters 'Choucair2022*' into Type a password, Danilo enters 'Choucair2022*' into Retype password]]
[Test worker] WARN net.thucydides.core.steps.BaseStepListener - stepStarted: net.thucydides.core.steps.ExecutedStepDescription@4776e209
[Test worker] WARN net.thucydides.core.steps.BaseStepListener - stepFinished: current outcome:Search the page to register:Given than Danilo wants develop a test [Danilo open up [Danilo opens the Page utest], Danilo register [Danilo clicks on This button redirects to the registration page]], When He find the page to register in different steps [Danilo enter data [Danilo enters 'Danilo' into Write the first name, Danilo enters 'Quiroga' into Write the last name, Danilo enters 'DANILO1@HOTMAIL.COM' into write the mail, Danilo clicks on Choose month of birth, Danilo clicks on Choose day of birth, Danilo clicks on Choose year of birth, Danilo clicks on Next data page], Danilo enter data2 [Danilo enters '110141' into Write zip code, Danilo clicks on Next data page], Danilo enter data3 [Danilo clicks on Open a list with mobile brands, Danilo clicks on Select the mobile device, Danilo clicks on Open a list of mobile models, Danilo clicks on Select the model of device, Danilo clicks on Open a list of operating systems, Danilo clicks on Select the operating system that use, Danilo clicks on Next data page]], Then Will register and have practiced [Danilo enter data4 [Danilo enters 'Choucair2022*' into Type a password, Danilo enters 'Choucair2022*' into Retype password, Danilo clicks on Accept terms]]
[Test worker] WARN net.thucydides.core.steps.BaseStepListener - stepStarted: net.thucydides.core.steps.ExecutedStepDescription@7fd4e815
[Test worker] WARN net.thucydides.core.steps.BaseStepListener - stepFinished: current outcome:Search the page to register:Given than Danilo wants develop a test [Danilo open up [Danilo opens the Page utest], Danilo register [Danilo clicks on This button redirects to the registration page]], When He find the page to register in different steps [Danilo enter data [Danilo enters 'Danilo' into Write the first name, Danilo enters 'Quiroga' into Write the last name, Danilo enters 'DANILO1@HOTMAIL.COM' into write the mail, Danilo clicks on Choose month of birth, Danilo clicks on Choose day of birth, Danilo clicks on Choose year of birth, Danilo clicks on Next data page], Danilo enter data2 [Danilo enters '110141' into Write zip code, Danilo clicks on Next data page], Danilo enter data3 [Danilo clicks on Open a list with mobile brands, Danilo clicks on Select the mobile device, Danilo clicks on Open a list of mobile models, Danilo clicks on Select the model of device, Danilo clicks on Open a list of operating systems, Danilo clicks on Select the operating system that use, Danilo clicks on Next data page]], Then Will register and have practiced [Danilo enter data4 [Danilo enters 'Choucair2022*' into Type a password, Danilo enters 'Choucair2022*' into Retype password, Danilo clicks on Accept terms, Danilo clicks on Accept privacy]]
[Test worker] WARN net.thucydides.core.steps.BaseStepListener - stepStarted: net.thucydides.core.steps.ExecutedStepDescription@195113de
[Test worker] WARN net.thucydides.core.steps.BaseStepListener - stepFinished: current outcome:Search the page to register:Given than Danilo wants develop a test [Danilo open up [Danilo opens the Page utest], Danilo register [Danilo clicks on This button redirects to the registration page]], When He find the page to register in different steps [Danilo enter data [Danilo enters 'Danilo' into Write the first name, Danilo enters 'Quiroga' into Write the last name, Danilo enters 'DANILO1@HOTMAIL.COM' into write the mail, Danilo clicks on Choose month of birth, Danilo clicks on Choose day of birth, Danilo clicks on Choose year of birth, Danilo clicks on Next data page], Danilo enter data2 [Danilo enters '110141' into Write zip code, Danilo clicks on Next data page], Danilo enter data3 [Danilo clicks on Open a list with mobile brands, Danilo clicks on Select the mobile device, Danilo clicks on Open a list of mobile models, Danilo clicks on Select the model of device, Danilo clicks on Open a list of operating systems, Danilo clicks on Select the operating system that use, Danilo clicks on Next data page]], Then Will register and have practiced [Danilo enter data4 [Danilo enters 'Choucair2022*' into Type a password, Danilo enters 'Choucair2022*' into Retype password, Danilo clicks on Accept terms, Danilo clicks on Accept privacy, Danilo clicks on Complete the data form]]
[Test worker] WARN net.thucydides.core.steps.BaseStepListener - stepFinished: current outcome:Search the page to register:Given than Danilo wants develop a test [Danilo open up [Danilo opens the Page utest], Danilo register [Danilo clicks on This button redirects to the registration page]], When He find the page to register in different steps [Danilo enter data [Danilo enters 'Danilo' into Write the first name, Danilo enters 'Quiroga' into Write the last name, Danilo enters 'DANILO1@HOTMAIL.COM' into write the mail, Danilo clicks on Choose month of birth, Danilo clicks on Choose day of birth, Danilo clicks on Choose year of birth, Danilo clicks on Next data page], Danilo enter data2 [Danilo enters '110141' into Write zip code, Danilo clicks on Next data page], Danilo enter data3 [Danilo clicks on Open a list with mobile brands, Danilo clicks on Select the mobile device, Danilo clicks on Open a list of mobile models, Danilo clicks on Select the model of device, Danilo clicks on Open a list of operating systems, Danilo clicks on Select the operating system that use, Danilo clicks on Next data page]], Then Will register and have practiced [Danilo enter data4 [Danilo enters 'Choucair2022*' into Type a password, Danilo enters 'Choucair2022*' into Retype password, Danilo clicks on Accept terms, Danilo clicks on Accept privacy, Danilo clicks on Complete the data form]]
[Test worker] WARN net.thucydides.core.steps.BaseStepListener - stepFinished: current outcome:Search the page to register:Given than Danilo wants develop a test [Danilo open up [Danilo opens the Page utest], Danilo register [Danilo clicks on This button redirects to the registration page]], When He find the page to register in different steps [Danilo enter data [Danilo enters 'Danilo' into Write the first name, Danilo enters 'Quiroga' into Write the last name, Danilo enters 'DANILO1@HOTMAIL.COM' into write the mail, Danilo clicks on Choose month of birth, Danilo clicks on Choose day of birth, Danilo clicks on Choose year of birth, Danilo clicks on Next data page], Danilo enter data2 [Danilo enters '110141' into Write zip code, Danilo clicks on Next data page], Danilo enter data3 [Danilo clicks on Open a list with mobile brands, Danilo clicks on Select the mobile device, Danilo clicks on Open a list of mobile models, Danilo clicks on Select the model of device, Danilo clicks on Open a list of operating systems, Danilo clicks on Select the operating system that use, Danilo clicks on Next data page]], Then Will register and have practiced [Danilo enter data4 [Danilo enters 'Choucair2022*' into Type a password, Danilo enters 'Choucair2022*' into Retype password, Danilo clicks on Accept terms, Danilo clicks on Accept privacy, Danilo clicks on Complete the data form]]
[Test worker] WARN net.thucydides.core.steps.BaseStepListener - testFinished: Search the page to register:Given than Danilo wants develop a test [Danilo open up [Danilo opens the Page utest], Danilo register [Danilo clicks on This button redirects to the registration page]], When He find the page to register in different steps [Danilo enter data [Danilo enters 'Danilo' into Write the first name, Danilo enters 'Quiroga' into Write the last name, Danilo enters 'DANILO1@HOTMAIL.COM' into write the mail, Danilo clicks on Choose month of birth, Danilo clicks on Choose day of birth, Danilo clicks on Choose year of birth, Danilo clicks on Next data page], Danilo enter data2 [Danilo enters '110141' into Write zip code, Danilo clicks on Next data page], Danilo enter data3 [Danilo clicks on Open a list with mobile brands, Danilo clicks on Select the mobile device, Danilo clicks on Open a list of mobile models, Danilo clicks on Select the model of device, Danilo clicks on Open a list of operating systems, Danilo clicks on Select the operating system that use, Danilo clicks on Next data page]], Then Will register and have practiced [Danilo enter data4 [Danilo enters 'Choucair2022*' into Type a password, Danilo enters 'Choucair2022*' into Retype password, Danilo clicks on Accept terms, Danilo clicks on Accept privacy, Danilo clicks on Complete the data form]]
[Test worker] WARN net.thucydides.core.steps.BaseStepListener - TestOutcomes: [Search the page to register:Given than Danilo wants develop a test [Danilo open up [Danilo opens the Page utest], Danilo register [Danilo clicks on This button redirects to the registration page]], When He find the page to register in different steps [Danilo enter data [Danilo enters 'Danilo' into Write the first name, Danilo enters 'Quiroga' into Write the last name, Danilo enters 'DANILO1@HOTMAIL.COM' into write the mail, Danilo clicks on Choose month of birth, Danilo clicks on Choose day of birth, Danilo clicks on Choose year of birth, Danilo clicks on Next data page], Danilo enter data2 [Danilo enters '110141' into Write zip code, Danilo clicks on Next data page], Danilo enter data3 [Danilo clicks on Open a list with mobile brands, Danilo clicks on Select the mobile device, Danilo clicks on Open a list of mobile models, Danilo clicks on Select the model of device, Danilo clicks on Open a list of operating systems, Danilo clicks on Select the operating system that use, Danilo clicks on Next data page]], Then Will register and have practiced [Danilo enter data4 [Danilo enters 'Choucair2022*' into Type a password, Danilo enters 'Choucair2022*' into Retype password, Danilo clicks on Accept terms, Danilo clicks on Accept privacy, Danilo clicks on Complete the data form]]]
[Test worker] WARN net.thucydides.core.steps.BaseStepListener - Final testOutcomes: [Search the page to register:Given than Danilo wants develop a test [Danilo open up [Danilo opens the Page utest], Danilo register [Danilo clicks on This button redirects to the registration page]], When He find the page to register in different steps [Danilo enter data [Danilo enters 'Danilo' into Write the first name, Danilo enters 'Quiroga' into Write the last name, Danilo enters 'DANILO1@HOTMAIL.COM' into write the mail, Danilo clicks on Choose month of birth, Danilo clicks on Choose day of birth, Danilo clicks on Choose year of birth, Danilo clicks on Next data page], Danilo enter data2 [Danilo enters '110141' into Write zip code, Danilo clicks on Next data page], Danilo enter data3 [Danilo clicks on Open a list with mobile brands, Danilo clicks on Select the mobile device, Danilo clicks on Open a list of mobile models, Danilo clicks on Select the model of device, Danilo clicks on Open a list of operating systems, Danilo clicks on Select the operating system that use, Danilo clicks on Next data page]], Then Will register and have practiced [Danilo enter data4 [Danilo enters 'Choucair2022*' into Type a password, Danilo enters 'Choucair2022*' into Retype password, Danilo clicks on Accept terms, Danilo clicks on Accept privacy, Danilo clicks on Complete the data form]]]
[Test worker] INFO net.thucydides.core.steps.ConsoleLoggingListener - 
        __    _____ _____ ____ _____   ____   _    ____  ____  _____ ____  
  _     \ \  |_   _| ____/ ___|_   _| |  _ \ / \  / ___|/ ___|| ____|  _ \ 
 (_)_____| |   | | |  _| \___ \ | |   | |_) / _ \ \___ \\___ \|  _| | | | |
  _|_____| |   | | | |___ ___) || |   |  __/ ___ \ ___) |___) | |___| |_| |
 (_)     | |   |_| |_____|____/ |_|   |_| /_/   \_\____/|____/|_____|____/ 
        /_/                                                                

TEST PASSED: Search the page to register
----------------------------------------------------------------------------
]]></system-err>
</testsuite>
